{"/Users/kimyoongi/node-workspace/shared/meadowlark.js": {"path":"/Users/kimyoongi/node-workspace/shared/meadowlark.js","statementMap":{"0":{"start":{"line":1,"column":16},"end":{"line":1,"column":40}},"1":{"start":{"line":2,"column":17},"end":{"line":2,"column":42}},"2":{"start":{"line":4,"column":16},"end":{"line":4,"column":34}},"3":{"start":{"line":5,"column":12},"end":{"line":5,"column":21}},"4":{"start":{"line":6,"column":13},"end":{"line":6,"column":37}},"5":{"start":{"line":7,"column":26},"end":{"line":7,"column":55}},"6":{"start":{"line":9,"column":0},"end":{"line":9,"column":46}},"7":{"start":{"line":11,"column":0},"end":{"line":13,"column":3}},"8":{"start":{"line":15,"column":0},"end":{"line":15,"column":35}},"9":{"start":{"line":17,"column":0},"end":{"line":17,"column":27}},"10":{"start":{"line":19,"column":0},"end":{"line":19,"column":33}},"11":{"start":{"line":22,"column":0},"end":{"line":22,"column":26}},"12":{"start":{"line":24,"column":0},"end":{"line":24,"column":29}},"13":{"start":{"line":26,"column":0},"end":{"line":32,"column":1}},"14":{"start":{"line":27,"column":4},"end":{"line":29,"column":6}},"15":{"start":{"line":27,"column":27},"end":{"line":29,"column":5}},"16":{"start":{"line":31,"column":4},"end":{"line":31,"column":24}}},"fnMap":{"0":{"name":"(anonymous_0)","decl":{"start":{"line":27,"column":21},"end":{"line":27,"column":22}},"loc":{"start":{"line":27,"column":27},"end":{"line":29,"column":5}},"line":27}},"branchMap":{"0":{"loc":{"start":{"line":6,"column":13},"end":{"line":6,"column":37}},"type":"binary-expr","locations":[{"start":{"line":6,"column":13},"end":{"line":6,"column":29}},{"start":{"line":6,"column":33},"end":{"line":6,"column":37}}],"line":6},"1":{"loc":{"start":{"line":26,"column":0},"end":{"line":32,"column":1}},"type":"if","locations":[{"start":{"line":26,"column":0},"end":{"line":32,"column":1}},{"start":{"line":30,"column":5},"end":{"line":32,"column":1}}],"line":26}},"s":{"0":1,"1":1,"2":1,"3":1,"4":1,"5":1,"6":1,"7":1,"8":1,"9":1,"10":1,"11":1,"12":1,"13":1,"14":0,"15":0,"16":1},"f":{"0":0},"b":{"0":[1,1],"1":[0,1]},"_coverageSchema":"1a1c01bbd47fc00a2c39e90264f33305004495a9","hash":"10d18d449d8c677f33612cd2b28f44a668845ff7"}
,"/Users/kimyoongi/node-workspace/shared/lib/fortune.js": {"path":"/Users/kimyoongi/node-workspace/shared/lib/fortune.js","statementMap":{"0":{"start":{"line":2,"column":17},"end":{"line":8,"column":1}},"1":{"start":{"line":10,"column":0},"end":{"line":13,"column":1}},"2":{"start":{"line":11,"column":16},"end":{"line":11,"column":57}},"3":{"start":{"line":12,"column":4},"end":{"line":12,"column":24}}},"fnMap":{"0":{"name":"(anonymous_0)","decl":{"start":{"line":10,"column":21},"end":{"line":10,"column":22}},"loc":{"start":{"line":10,"column":27},"end":{"line":13,"column":1}},"line":10}},"branchMap":{},"s":{"0":2,"1":2,"2":2,"3":2},"f":{"0":2},"b":{},"_coverageSchema":"1a1c01bbd47fc00a2c39e90264f33305004495a9","hash":"dac16866e2ce26ff917161b3a90e2bc46c227320"}
,"/Users/kimyoongi/node-workspace/shared/lib/handlers.js": {"path":"/Users/kimyoongi/node-workspace/shared/lib/handlers.js","statementMap":{"0":{"start":{"line":1,"column":16},"end":{"line":1,"column":36}},"1":{"start":{"line":3,"column":0},"end":{"line":3,"column":47}},"2":{"start":{"line":3,"column":29},"end":{"line":3,"column":47}},"3":{"start":{"line":5,"column":0},"end":{"line":7,"column":1}},"4":{"start":{"line":6,"column":4},"end":{"line":6,"column":58}},"5":{"start":{"line":9,"column":0},"end":{"line":9,"column":50}},"6":{"start":{"line":9,"column":33},"end":{"line":9,"column":50}},"7":{"start":{"line":11,"column":0},"end":{"line":11,"column":64}},"8":{"start":{"line":11,"column":47},"end":{"line":11,"column":64}}},"fnMap":{"0":{"name":"(anonymous_0)","decl":{"start":{"line":3,"column":15},"end":{"line":3,"column":16}},"loc":{"start":{"line":3,"column":29},"end":{"line":3,"column":47}},"line":3},"1":{"name":"(anonymous_1)","decl":{"start":{"line":5,"column":16},"end":{"line":5,"column":17}},"loc":{"start":{"line":5,"column":30},"end":{"line":7,"column":1}},"line":5},"2":{"name":"(anonymous_2)","decl":{"start":{"line":9,"column":19},"end":{"line":9,"column":20}},"loc":{"start":{"line":9,"column":33},"end":{"line":9,"column":50}},"line":9},"3":{"name":"(anonymous_3)","decl":{"start":{"line":11,"column":22},"end":{"line":11,"column":23}},"loc":{"start":{"line":11,"column":47},"end":{"line":11,"column":64}},"line":11}},"branchMap":{},"s":{"0":2,"1":2,"2":2,"3":2,"4":2,"5":2,"6":1,"7":2,"8":1},"f":{"0":2,"1":2,"2":1,"3":1},"b":{},"_coverageSchema":"1a1c01bbd47fc00a2c39e90264f33305004495a9","hash":"92d9cc824d381291243f40a7886855acd411b24b"}
}
